# JRE version: Java(TM) SE Runtime Environment (8.0_271-b09) (build 1.8.0_271-b09)
# Java VM: Java HotSpot(TM) 64-Bit Server VM (25.271-b09 mixed mode windows-amd64 compressed oops)
Heap:
 PSYoungGen      total 177152K, used 78763K [0x000000076b000000, 0x0000000778e00000, 0x00000007c0000000)
  eden space 165888K, 40% used [0x000000076b000000,0x000000076f1ebe78,0x0000000775200000)
  from space 11264K, 99% used [0x0000000775f80000,0x0000000776a7ee28,0x0000000776a80000)
  to   space 13824K, 0% used [0x0000000775200000,0x0000000775200000,0x0000000775f80000)
 ParOldGen       total 152064K, used 18909K [0x00000006c1000000, 0x00000006ca480000, 0x000000076b000000)
  object space 152064K, 12% used [0x00000006c1000000,0x00000006c2277500,0x00000006ca480000)
 Metaspace       used 43909K, capacity 47202K, committed 47448K, reserved 1089536K
  class space    used 5901K, capacity 6469K, committed 6528K, reserved 1048576K
GC Heap History (10 events):
Event: 2.204 GC heap before
{Heap before GC invocations=6 (full 1):
 PSYoungGen      total 111616K, used 111189K [0x000000076b000000, 0x0000000774080000, 0x00000007c0000000)
  eden space 105472K, 100% used [0x000000076b000000,0x0000000771700000,0x0000000771700000)
  from space 6144K, 93% used [0x0000000773a80000,0x0000000774015698,0x0000000774080000)
  to   space 10752K, 0% used [0x0000000772b80000,0x0000000772b80000,0x0000000773600000)
 ParOldGen       total 98816K, used 9046K [0x00000006c1000000, 0x00000006c7080000, 0x000000076b000000)
  object space 98816K, 9% used [0x00000006c1000000,0x00000006c18d5b40,0x00000006c7080000)
 Metaspace       used 26852K, capacity 28638K, committed 28800K, reserved 1075200K
  class space    used 3532K, capacity 3873K, committed 3968K, reserved 1048576K
Event: 2.211 GC heap after
Heap after GC invocations=6 (full 1):
 PSYoungGen      total 137216K, used 9513K [0x000000076b000000, 0x0000000776a80000, 0x00000007c0000000)
  eden space 126464K, 0% used [0x000000076b000000,0x000000076b000000,0x0000000772b80000)
  from space 10752K, 88% used [0x0000000772b80000,0x00000007734ca540,0x0000000773600000)
  to   space 11264K, 0% used [0x0000000775f80000,0x0000000775f80000,0x0000000776a80000)
 ParOldGen       total 98816K, used 9054K [0x00000006c1000000, 0x00000006c7080000, 0x000000076b000000)
  object space 98816K, 9% used [0x00000006c1000000,0x00000006c18d7b40,0x00000006c7080000)
 Metaspace       used 26852K, capacity 28638K, committed 28800K, reserved 1075200K
  class space    used 3532K, capacity 3873K, committed 3968K, reserved 1048576K
}
Event: 2.926 GC heap before
{Heap before GC invocations=7 (full 1):
 PSYoungGen      total 137216K, used 134229K [0x000000076b000000, 0x0000000776a80000, 0x00000007c0000000)
  eden space 126464K, 98% used [0x000000076b000000,0x00000007729cb228,0x0000000772b80000)
  from space 10752K, 88% used [0x0000000772b80000,0x00000007734ca540,0x0000000773600000)
  to   space 11264K, 0% used [0x0000000775f80000,0x0000000775f80000,0x0000000776a80000)
 ParOldGen       total 98816K, used 9054K [0x00000006c1000000, 0x00000006c7080000, 0x000000076b000000)
  object space 98816K, 9% used [0x00000006c1000000,0x00000006c18d7b40,0x00000006c7080000)
 Metaspace       used 33258K, capacity 35384K, committed 35416K, reserved 1079296K
  class space    used 4368K, capacity 4734K, committed 4736K, reserved 1048576K
Event: 2.934 GC heap after
Heap after GC invocations=7 (full 1):
 PSYoungGen      total 177152K, used 11261K [0x000000076b000000, 0x0000000778e00000, 0x00000007c0000000)
  eden space 165888K, 0% used [0x000000076b000000,0x000000076b000000,0x0000000775200000)
  from space 11264K, 99% used [0x0000000775f80000,0x0000000776a7f7c8,0x0000000776a80000)
  to   space 13824K, 0% used [0x0000000775200000,0x0000000775200000,0x0000000775f80000)
 ParOldGen       total 98816K, used 10615K [0x00000006c1000000, 0x00000006c7080000, 0x000000076b000000)
  object space 98816K, 10% used [0x00000006c1000000,0x00000006c1a5dcd8,0x00000006c7080000)
 Metaspace       used 33258K, capacity 35384K, committed 35416K, reserved 1079296K
  class space    used 4368K, capacity 4734K, committed 4736K, reserved 1048576K
}
Event: 2.934 GC heap before
{Heap before GC invocations=8 (full 2):
 PSYoungGen      total 177152K, used 11261K [0x000000076b000000, 0x0000000778e00000, 0x00000007c0000000)
  eden space 165888K, 0% used [0x000000076b000000,0x000000076b000000,0x0000000775200000)
  from space 11264K, 99% used [0x0000000775f80000,0x0000000776a7f7c8,0x0000000776a80000)
  to   space 13824K, 0% used [0x0000000775200000,0x0000000775200000,0x0000000775f80000)
 ParOldGen       total 98816K, used 10615K [0x00000006c1000000, 0x00000006c7080000, 0x000000076b000000)
  object space 98816K, 10% used [0x00000006c1000000,0x00000006c1a5dcd8,0x00000006c7080000)
 Metaspace       used 33258K, capacity 35384K, committed 35416K, reserved 1079296K
  class space    used 4368K, capacity 4734K, committed 4736K, reserved 1048576K
Event: 2.962 GC heap after
Heap after GC invocations=8 (full 2):
 PSYoungGen      total 177152K, used 0K [0x000000076b000000, 0x0000000778e00000, 0x00000007c0000000)
  eden space 165888K, 0% used [0x000000076b000000,0x000000076b000000,0x0000000775200000)
  from space 11264K, 0% used [0x0000000775f80000,0x0000000775f80000,0x0000000776a80000)
  to   space 13824K, 0% used [0x0000000775200000,0x0000000775200000,0x0000000775f80000)
 ParOldGen       total 152064K, used 17550K [0x00000006c1000000, 0x00000006ca480000, 0x000000076b000000)
  object space 152064K, 11% used [0x00000006c1000000,0x00000006c2123a68,0x00000006ca480000)
 Metaspace       used 33258K, capacity 35384K, committed 35416K, reserved 1079296K
  class space    used 4368K, capacity 4734K, committed 4736K, reserved 1048576K
}
Event: 3.699 GC heap before
{Heap before GC invocations=9 (full 2):
 PSYoungGen      total 177152K, used 165888K [0x000000076b000000, 0x0000000778e00000, 0x00000007c0000000)
  eden space 165888K, 100% used [0x000000076b000000,0x0000000775200000,0x0000000775200000)
  from space 11264K, 0% used [0x0000000775f80000,0x0000000775f80000,0x0000000776a80000)
  to   space 13824K, 0% used [0x0000000775200000,0x0000000775200000,0x0000000775f80000)
 ParOldGen       total 152064K, used 17550K [0x00000006c1000000, 0x00000006ca480000, 0x000000076b000000)
  object space 152064K, 11% used [0x00000006c1000000,0x00000006c2123a68,0x00000006ca480000)
 Metaspace       used 39326K, capacity 42240K, committed 42328K, reserved 1085440K
  class space    used 5227K, capacity 5728K, committed 5760K, reserved 1048576K
Event: 3.705 GC heap after
Heap after GC invocations=9 (full 2):
 PSYoungGen      total 179712K, used 9203K [0x000000076b000000, 0x0000000778e00000, 0x00000007c0000000)
  eden space 165888K, 0% used [0x000000076b000000,0x000000076b000000,0x0000000775200000)
  from space 13824K, 66% used [0x0000000775200000,0x0000000775afce60,0x0000000775f80000)
  to   space 11264K, 0% used [0x0000000775f80000,0x0000000775f80000,0x0000000776a80000)
 ParOldGen       total 152064K, used 17558K [0x00000006c1000000, 0x00000006ca480000, 0x000000076b000000)
  object space 152064K, 11% used [0x00000006c1000000,0x00000006c2125a68,0x00000006ca480000)
 Metaspace       used 39326K, capacity 42240K, committed 42328K, reserved 1085440K
  class space    used 5227K, capacity 5728K, committed 5760K, reserved 1048576K
}
Event: 4.351 GC heap before
{Heap before GC invocations=10 (full 2):
 PSYoungGen      total 179712K, used 175091K [0x000000076b000000, 0x0000000778e00000, 0x00000007c0000000)
  eden space 165888K, 100% used [0x000000076b000000,0x0000000775200000,0x0000000775200000)
  from space 13824K, 66% used [0x0000000775200000,0x0000000775afce60,0x0000000775f80000)
  to   space 11264K, 0% used [0x0000000775f80000,0x0000000775f80000,0x0000000776a80000)
 ParOldGen       total 152064K, used 17558K [0x00000006c1000000, 0x00000006ca480000, 0x000000076b000000)
  object space 152064K, 11% used [0x00000006c1000000,0x00000006c2125a68,0x00000006ca480000)
 Metaspace       used 42022K, capacity 45216K, committed 45400K, reserved 1089536K
  class space    used 5606K, capacity 6148K, committed 6272K, reserved 1048576K
Event: 4.359 GC heap after
Heap after GC invocations=10 (full 2):
 PSYoungGen      total 177152K, used 11259K [0x000000076b000000, 0x0000000778e00000, 0x00000007c0000000)
  eden space 165888K, 0% used [0x000000076b000000,0x000000076b000000,0x0000000775200000)
  from space 11264K, 99% used [0x0000000775f80000,0x0000000776a7ee28,0x0000000776a80000)
  to   space 13824K, 0% used [0x0000000775200000,0x0000000775200000,0x0000000775f80000)
 ParOldGen       total 152064K, used 18909K [0x00000006c1000000, 0x00000006ca480000, 0x000000076b000000)
  object space 152064K, 12% used [0x00000006c1000000,0x00000006c2277500,0x00000006ca480000)
 Metaspace       used 42022K, capacity 45216K, committed 45400K, reserved 1089536K
  class space    used 5606K, capacity 6148K, committed 6272K, reserved 1048576K
}

